2023-11-24 05:40:00.677 [info] Telemetry level is off
2023-11-24 05:40:00.677 [info] Experiments are disabled, only manually opted experiments are active.
2023-11-24 05:40:00.677 [info] Default formatter is set to null for workspace /home/eshanized/GitHub/eshanizedos-archiso
2023-11-24 05:40:00.677 [info] Test server listening.
2023-11-24 05:40:00.677 [info] > conda info --json
2023-11-24 05:40:00.677 [warning] Retry failed, storage update failed for key PYTHON_GLOBAL_STORAGE_KEYS
2023-11-24 05:40:00.677 [warning] Retry failed, storage update failed for key PYTHON_GLOBAL_STORAGE_KEYS
2023-11-24 05:40:00.681 [info] Found: /bin/python --> /bin/python3.11
2023-11-24 05:40:00.682 [warning] Retry failed, storage update failed for key PYTHON_GLOBAL_STORAGE_KEYS
2023-11-24 05:40:00.682 [warning] Retry failed, storage update failed for key PYTHON_GLOBAL_STORAGE_KEYS
2023-11-24 05:40:00.682 [warning] Retry failed, storage update failed for key PYTHON_GLOBAL_STORAGE_KEYS
2023-11-24 05:40:00.682 [warning] Retry failed, storage update failed for key PYTHON_GLOBAL_STORAGE_KEYS
2023-11-24 05:40:00.682 [warning] Retry failed, storage update failed for key PYTHON_GLOBAL_STORAGE_KEYS
2023-11-24 05:40:00.682 [warning] Retry failed, storage update failed for key PYTHON_WORKSPACE_STORAGE_KEYS
2023-11-24 05:40:00.682 [warning] Retry failed, storage update failed for key PYTHON_WORKSPACE_STORAGE_KEYS
2023-11-24 05:40:00.682 [warning] Retry failed, storage update failed for key PYTHON_WORKSPACE_STORAGE_KEYS
2023-11-24 05:40:00.682 [info] Found: /bin/python3 --> /bin/python3.11
2023-11-24 05:40:00.683 [info] Found: /bin/python3.11 --> /bin/python3.11
2023-11-24 05:40:00.721 [info] Found: /sbin/python --> /sbin/python3.11
2023-11-24 05:40:00.721 [info] Found: /sbin/python3 --> /sbin/python3.11
2023-11-24 05:40:00.721 [info] Found: /sbin/python3.11 --> /sbin/python3.11
2023-11-24 05:40:00.726 [info] Found: /usr/bin/python --> /usr/bin/python3.11
2023-11-24 05:40:00.727 [info] Found: /usr/bin/python3 --> /usr/bin/python3.11
2023-11-24 05:40:00.727 [info] Found: /usr/bin/python3.11 --> /usr/bin/python3.11
2023-11-24 05:40:00.757 [info] Found: /usr/sbin/python --> /usr/sbin/python3.11
2023-11-24 05:40:00.757 [info] Found: /usr/sbin/python3 --> /usr/sbin/python3.11
2023-11-24 05:40:00.758 [info] Found: /usr/sbin/python3.11 --> /usr/sbin/python3.11
2023-11-24 05:40:00.791 [info] > /bin/python -I ~/.vscode/extensions/ms-python.python-2023.20.0/pythonFiles/get_output_via_markers.py ~/.vscode/extensions/ms-python.python-2023.20.0/pythonFiles/interpreterInfo.py
2023-11-24 05:40:00.818 [info] > /sbin/python -I ~/.vscode/extensions/ms-python.python-2023.20.0/pythonFiles/get_output_via_markers.py ~/.vscode/extensions/ms-python.python-2023.20.0/pythonFiles/interpreterInfo.py
2023-11-24 05:40:00.861 [info] > /usr/bin/python -I ~/.vscode/extensions/ms-python.python-2023.20.0/pythonFiles/get_output_via_markers.py ~/.vscode/extensions/ms-python.python-2023.20.0/pythonFiles/interpreterInfo.py
2023-11-24 05:40:00.887 [info] > /usr/sbin/python -I ~/.vscode/extensions/ms-python.python-2023.20.0/pythonFiles/get_output_via_markers.py ~/.vscode/extensions/ms-python.python-2023.20.0/pythonFiles/interpreterInfo.py
2023-11-24 05:40:01.717 [info] Python interpreter path: /bin/python
2023-11-24 05:40:01.721 [warning] Retry failed, storage update failed for key PYTHON_GLOBAL_STORAGE_KEYS
2023-11-24 05:40:02.972 [info] Starting Pylance language server.
