2023-11-24 05:06:06.207 [info] Log level: Info
2023-11-24 05:06:06.207 [info] Validating found git in: "git"
2023-11-24 05:06:06.207 [info] Using git "2.43.0" from "git"
2023-11-24 05:38:01.511 [info] Log level: Info
2023-11-24 05:38:01.511 [info] Validating found git in: "git"
2023-11-24 05:38:01.511 [info] Using git "2.43.0" from "git"
2023-11-24 05:38:01.511 [info] > git rev-parse --show-toplevel [2ms]
2023-11-24 05:38:01.526 [info] > git rev-parse --git-dir --git-common-dir [3ms]
2023-11-24 05:38:01.543 [info] Open repository: /home/eshanized/GitHub/eshanizedos-archiso
2023-11-24 05:38:01.578 [info] > git config --get commit.template [18ms]
2023-11-24 05:38:01.579 [info] > git rev-parse --show-toplevel [4ms]
2023-11-24 05:38:01.606 [info] > git for-each-ref --format=%(refname)%00%(upstream:short)%00%(objectname)%00%(upstream:track)%00%(upstream:remotename)%00%(upstream:remoteref) refs/heads/master refs/remotes/master [14ms]
2023-11-24 05:38:01.629 [info] > git rev-parse --show-toplevel [26ms]
2023-11-24 05:38:02.208 [info] > git check-ignore -v -z --stdin [3ms]
2023-11-24 05:38:02.352 [info] > git status -z -uall [735ms]
2023-11-24 05:38:02.387 [info] > git config --get commit.template [5ms]
2023-11-24 05:38:02.425 [info] > git for-each-ref --format=%(refname)%00%(upstream:short)%00%(objectname)%00%(upstream:track)%00%(upstream:remotename)%00%(upstream:remoteref) refs/heads/master refs/remotes/master [3ms]
2023-11-24 05:38:03.060 [info] > git status -z -uall [622ms]
2023-11-24 05:38:23.244 [info] > git rev-parse --show-toplevel [2ms]
2023-11-24 05:38:23.244 [info] fatal: not a git repository (or any of the parent directories): .git
2023-11-24 05:38:47.332 [info] > git rev-parse --show-toplevel [2ms]
2023-11-24 05:38:47.332 [info] fatal: not a git repository (or any of the parent directories): .git
2023-11-24 05:39:18.583 [info] > git config --get commit.template [2ms]
2023-11-24 05:39:18.605 [info] > git for-each-ref --format=%(refname)%00%(upstream:short)%00%(objectname)%00%(upstream:track)%00%(upstream:remotename)%00%(upstream:remoteref) refs/heads/master refs/remotes/master [2ms]
2023-11-24 05:39:19.248 [info] > git status -z -uall [628ms]
2023-11-24 05:39:22.326 [info] > git check-ignore -v -z --stdin [3ms]
2023-11-24 05:39:24.277 [info] > git config --get commit.template [2ms]
2023-11-24 05:39:24.292 [info] > git for-each-ref --format=%(refname)%00%(upstream:short)%00%(objectname)%00%(upstream:track)%00%(upstream:remotename)%00%(upstream:remoteref) refs/heads/master refs/remotes/master [2ms]
2023-11-24 05:39:24.906 [info] > git status -z -uall [602ms]
2023-11-24 05:39:30.915 [info] > git add -A -- . [691ms]
2023-11-24 05:39:30.938 [info] > git -c user.useConfigOnly=true commit --quiet --allow-empty-message --file - [11ms]
2023-11-24 05:39:30.953 [info] > git config --get commit.template [1ms]
2023-11-24 05:39:30.969 [info] > git config --get commit.template [2ms]
2023-11-24 05:39:30.982 [info] > git for-each-ref --format=%(refname)%00%(upstream:short)%00%(objectname)%00%(upstream:track)%00%(upstream:remotename)%00%(upstream:remoteref) refs/heads/master refs/remotes/master [2ms]
2023-11-24 05:39:31.001 [info] > git status -z -uall [7ms]
2023-11-24 05:39:31.095 [info] > git config --get commit.template [16ms]
2023-11-24 05:39:31.096 [info] > git for-each-ref --format=%(refname)%00%(upstream:short)%00%(objectname)%00%(upstream:track)%00%(upstream:remotename)%00%(upstream:remoteref) refs/heads/master refs/remotes/master [2ms]
2023-11-24 05:39:31.121 [info] > git status -z -uall [14ms]
2023-11-24 05:39:34.045 [info] > git log --oneline --cherry master...master@{upstream} -- [3ms]
2023-11-24 05:39:35.045 [info] > git pull --tags origin master [986ms]
2023-11-24 05:39:35.045 [info] From https://github.com/eshanizedos/eshanizedos-archiso
 * branch            master     -> FETCH_HEAD
2023-11-24 05:39:37.495 [info] > git push origin master:master [2441ms]
2023-11-24 05:39:37.495 [info] To https://github.com/eshanizedos/eshanizedos-archiso.git
   7bc7da4..38fbd6a  master -> master
2023-11-24 05:39:37.525 [info] > git config --get commit.template [14ms]
2023-11-24 05:39:37.526 [info] > git for-each-ref --format=%(refname)%00%(upstream:short)%00%(objectname)%00%(upstream:track)%00%(upstream:remotename)%00%(upstream:remoteref) refs/heads/master refs/remotes/master [2ms]
2023-11-24 05:39:37.548 [info] > git status -z -uall [9ms]
2023-11-24 05:39:38.645 [info] > git config --get commit.template [17ms]
2023-11-24 05:39:38.647 [info] > git for-each-ref --format=%(refname)%00%(upstream:short)%00%(objectname)%00%(upstream:track)%00%(upstream:remotename)%00%(upstream:remoteref) refs/heads/master refs/remotes/master [4ms]
2023-11-24 05:39:38.668 [info] > git status -z -uall [9ms]
2023-11-24 05:39:40.306 [info] > git fetch [816ms]
2023-11-24 05:39:40.344 [info] > git config --get commit.template [19ms]
2023-11-24 05:39:40.345 [info] > git for-each-ref --format=%(refname)%00%(upstream:short)%00%(objectname)%00%(upstream:track)%00%(upstream:remotename)%00%(upstream:remoteref) refs/heads/master refs/remotes/master [2ms]
2023-11-24 05:39:40.368 [info] > git status -z -uall [8ms]
2023-11-24 05:39:43.704 [info] > git config --get commit.template [15ms]
2023-11-24 05:39:43.706 [info] > git for-each-ref --format=%(refname)%00%(upstream:short)%00%(objectname)%00%(upstream:track)%00%(upstream:remotename)%00%(upstream:remoteref) refs/heads/master refs/remotes/master [3ms]
2023-11-24 05:39:43.732 [info] > git status -z -uall [12ms]
2023-11-24 05:40:21.306 [info] > git config --get commit.template [19ms]
2023-11-24 05:40:21.307 [info] > git for-each-ref --format=%(refname)%00%(upstream:short)%00%(objectname)%00%(upstream:track)%00%(upstream:remotename)%00%(upstream:remoteref) refs/heads/master refs/remotes/master [3ms]
2023-11-24 05:40:21.336 [info] > git status -z -uall [12ms]
2023-11-24 05:40:23.305 [info] > git check-ignore -v -z --stdin [5ms]
2023-11-24 05:40:26.392 [info] > git config --get commit.template [22ms]
2023-11-24 05:40:26.394 [info] > git for-each-ref --format=%(refname)%00%(upstream:short)%00%(objectname)%00%(upstream:track)%00%(upstream:remotename)%00%(upstream:remoteref) refs/heads/master refs/remotes/master [4ms]
2023-11-24 05:40:26.427 [info] > git status -z -uall [12ms]
2023-11-24 05:40:28.028 [info] > git add -A -- . [9ms]
2023-11-24 05:40:28.083 [info] > git -c user.useConfigOnly=true commit --quiet --allow-empty-message --file - [30ms]
2023-11-24 05:40:28.101 [info] > git config --get commit.template [2ms]
2023-11-24 05:40:28.135 [info] > git config --get commit.template [17ms]
2023-11-24 05:40:28.137 [info] > git for-each-ref --format=%(refname)%00%(upstream:short)%00%(objectname)%00%(upstream:track)%00%(upstream:remotename)%00%(upstream:remoteref) refs/heads/master refs/remotes/master [3ms]
2023-11-24 05:40:28.161 [info] > git status -z -uall [10ms]
2023-11-24 05:40:28.263 [info] > git config --get commit.template [5ms]
2023-11-24 05:40:28.286 [info] > git for-each-ref --format=%(refname)%00%(upstream:short)%00%(objectname)%00%(upstream:track)%00%(upstream:remotename)%00%(upstream:remoteref) refs/heads/master refs/remotes/master [5ms]
2023-11-24 05:40:28.306 [info] > git status -z -uall [7ms]
2023-11-24 05:40:34.718 [info] > git log --oneline --cherry master...master@{upstream} -- [3ms]
2023-11-24 05:40:37.613 [info] > git pull --tags origin master [2876ms]
2023-11-24 05:40:37.613 [info] From https://github.com/eshanizedos/eshanizedos-archiso
 * branch            master     -> FETCH_HEAD
2023-11-24 05:40:37.754 [info] > git check-ignore -v -z --stdin [2ms]
2023-11-24 05:40:39.049 [info] > git check-ignore -v -z --stdin [3ms]
2023-11-24 05:40:40.165 [info] > git push origin master:master [2538ms]
2023-11-24 05:40:40.166 [info] To https://github.com/eshanizedos/eshanizedos-archiso.git
   38fbd6a..2648eed  master -> master
2023-11-24 05:40:40.204 [info] > git config --get commit.template [19ms]
2023-11-24 05:40:40.204 [info] > git for-each-ref --format=%(refname)%00%(upstream:short)%00%(objectname)%00%(upstream:track)%00%(upstream:remotename)%00%(upstream:remoteref) refs/heads/master refs/remotes/master [2ms]
2023-11-24 05:40:40.233 [info] > git status -z -uall [10ms]
2023-11-24 05:40:40.622 [info] > git check-ignore -v -z --stdin [3ms]
2023-11-24 05:40:42.198 [info] > git config --get commit.template [25ms]
2023-11-24 05:40:42.200 [info] > git for-each-ref --format=%(refname)%00%(upstream:short)%00%(objectname)%00%(upstream:track)%00%(upstream:remotename)%00%(upstream:remoteref) refs/heads/master refs/remotes/master [4ms]
2023-11-24 05:40:42.232 [info] > git status -z -uall [9ms]
2023-11-24 05:41:04.506 [info] > git rev-parse --show-toplevel [2ms]
2023-11-24 05:41:04.506 [info] fatal: not a git repository (or any of the parent directories): .git
2023-11-24 05:41:19.311 [info] > git rev-parse --show-toplevel [3ms]
2023-11-24 05:41:19.311 [info] fatal: not a git repository (or any of the parent directories): .git
2023-11-24 05:41:57.430 [info] > git rev-parse --show-toplevel [3ms]
2023-11-24 05:41:57.430 [info] fatal: not a git repository (or any of the parent directories): .git
2023-11-24 05:42:31.057 [info] > git check-ignore -v -z --stdin [2ms]
2023-11-24 05:42:31.640 [info] > git show --textconv :archiso/airootfs/etc/NetworkManager/dispatcher.d/09-timezone [18ms]
2023-11-24 05:42:31.642 [info] > git ls-files --stage -- /home/eshanized/GitHub/eshanizedos-archiso/archiso/airootfs/etc/NetworkManager/dispatcher.d/09-timezone [3ms]
2023-11-24 05:42:31.659 [info] > git cat-file -s a3eb6d7f8e40f85b1819866802d1e0fde0690482 [2ms]
2023-11-24 05:42:47.876 [info] > git rev-parse --show-toplevel [2ms]
2023-11-24 05:42:47.876 [info] fatal: not a git repository (or any of the parent directories): .git
2023-11-24 05:42:52.270 [info] > git fetch [3830ms]
2023-11-24 05:42:52.304 [info] > git config --get commit.template [17ms]
2023-11-24 05:42:52.305 [info] > git for-each-ref --format=%(refname)%00%(upstream:short)%00%(objectname)%00%(upstream:track)%00%(upstream:remotename)%00%(upstream:remoteref) refs/heads/master refs/remotes/master [2ms]
2023-11-24 05:42:52.329 [info] > git status -z -uall [9ms]
2023-11-24 05:42:53.383 [info] > git config --get commit.template [21ms]
2023-11-24 05:42:53.384 [info] > git for-each-ref --format=%(refname)%00%(upstream:short)%00%(objectname)%00%(upstream:track)%00%(upstream:remotename)%00%(upstream:remoteref) refs/heads/master refs/remotes/master [3ms]
2023-11-24 05:42:53.414 [info] > git status -z -uall [11ms]
2023-11-24 05:43:41.638 [info] > git rev-parse --show-toplevel [2ms]
2023-11-24 05:43:41.638 [info] fatal: not a git repository (or any of the parent directories): .git
2023-11-24 05:43:54.307 [info] > git rev-parse --show-toplevel [3ms]
2023-11-24 05:43:54.307 [info] fatal: not a git repository (or any of the parent directories): .git
2023-11-24 05:44:01.243 [info] > git rev-parse --show-toplevel [2ms]
2023-11-24 05:44:01.243 [info] fatal: not a git repository (or any of the parent directories): .git
2023-11-24 05:44:12.856 [info] > git rev-parse --show-toplevel [3ms]
2023-11-24 05:44:12.856 [info] fatal: not a git repository (or any of the parent directories): .git
2023-11-24 05:44:34.916 [info] > git rev-parse --show-toplevel [3ms]
2023-11-24 05:44:34.917 [info] fatal: not a git repository (or any of the parent directories): .git
