2023-11-23T23:37:43.959Z - info: [ui] [AppStore] loading 0 repositories from store
2023-11-23T23:37:44.051Z - info: [ui] [Welcome] no sign in step found. ignoring...
2023-11-23T23:37:44.057Z - info: [ui] launching: 3.3.3-linux2 (Linux 6.6.2-arch1-1)
2023-11-23T23:37:44.058Z - info: [ui] execPath: '/opt/github-desktop/github-desktop'
2023-11-23T23:37:44.084Z - info: [ui] [Welcome] no sign in step found. ignoring...
2023-11-23T23:37:44.121Z - info: [ui] [Welcome] no sign in step found. ignoring...
2023-11-23T23:37:44.717Z - info: [ui] Opt in reported.
2023-11-23T23:37:50.886Z - info: [ui] [Welcome] advancing to step: SignInToDotComWithBrowser
2023-11-23T23:37:50.888Z - info: [ui] [SignInStore] initializing OAuth flow
2023-11-23T23:37:50.897Z - info: [main] opening in browser: https://github.com/login/oauth/authorize?client_id=3a723b10ac5575cc5bb9&scope=repo%20user%20workflow&state=939f7f04-5f5f-42d9-b2ab-b9bf5da87af3
2023-11-23T23:37:50.899Z - info: [ui] [Welcome] current sign in state not found. ignoring...
2023-11-23T23:37:52.047Z - info: [ui] [Welcome] kind Authentication is the same as Authentication. ignoring...
2023-11-23T23:37:53.955Z - info: [main] Received possible protocol arguments: 3
2023-11-23T23:37:53.956Z - info: [main] Processing protocol url
2023-11-23T23:37:53.958Z - info: [ui] [Dispatcher] requesting authenticated user
2023-11-23T23:37:53.964Z - info: [ui] [Welcome] kind Authentication is the same as Authentication. ignoring...
2023-11-23T23:37:54.082Z - info: [main] Received possible protocol arguments: 2
2023-11-23T23:37:54.088Z - info: [main] Processing protocol url
2023-11-23T23:37:55.366Z - info: [ui] [SignInStore] account resolved
2023-11-23T23:37:55.367Z - info: [ui] [AppStore] adding account eshanized (Eshan Roy (Eshanized)) to store
2023-11-23T23:37:55.381Z - info: [ui] [Welcome] advancing to step: ConfigureGit
2023-11-23T23:37:55.507Z - info: [ui] [Welcome] no sign in step found. ignoring...
2023-11-23T23:37:56.172Z - info: [ui] Subscribed 'eshanized' to Alive channel
2023-11-23T23:37:56.375Z - info: [ui] [Welcome] no sign in step found. ignoring...
2023-11-23T23:37:57.150Z - info: [ui] [Welcome] no sign in step found. ignoring...
