2023-11-24 05:06:22.051 [info] Getting Manifest... ms-vscode.remote-repositories
2023-11-24 05:06:22.062 [info] Installing extension: ms-vscode.remote-repositories
2023-11-24 05:06:25.301 [info] Getting Manifest... github.remotehub
2023-11-24 05:06:27.384 [info] Getting Manifest... ms-vscode.azure-repos
2023-11-24 05:06:28.153 [info] Installing extension: github.remotehub ms-vscode.remote-repositories
2023-11-24 05:06:28.153 [info] Installing extension: ms-vscode.azure-repos ms-vscode.remote-repositories
2023-11-24 05:06:31.408 [warning] Extension signature verification failed with error 'UnknownError': ms-vscode.remote-repositories
2023-11-24 05:06:31.508 [info] Extracted extension to file:///home/eshanized/.vscode/extensions/ms-vscode.remote-repositories-0.40.0: ms-vscode.remote-repositories
2023-11-24 05:06:31.513 [info] Renamed to /home/eshanized/.vscode/extensions/ms-vscode.remote-repositories-0.40.0
2023-11-24 05:06:31.515 [info] Extracting extension completed. ms-vscode.remote-repositories
2023-11-24 05:06:31.616 [error] [uncaught exception in sharedProcess]: Error: ENOENT: no such file or directory, stat '/home/eshanized/.vscode/extensions/extensions.json.vsctmp': EntryNotFound (FileSystemError): Error: ENOENT: no such file or directory, stat '/home/eshanized/.vscode/extensions/extensions.json.vsctmp'
    at r.create (/opt/visual-studio-code/resources/app/out/vs/code/node/sharedProcess/sharedProcessMain.js:51:30053)
    at a (/opt/visual-studio-code/resources/app/out/vs/code/node/sharedProcess/sharedProcessMain.js:51:30167)
    at s.fb (/opt/visual-studio-code/resources/app/out/vs/code/node/sharedProcess/sharedProcessMain.js:56:36175)
    at s.stat (/opt/visual-studio-code/resources/app/out/vs/code/node/sharedProcess/sharedProcessMain.js:56:28621)
    at async E.stat (/opt/visual-studio-code/resources/app/out/vs/code/node/sharedProcess/sharedProcessMain.js:56:15732)
    at async K.tb (/opt/visual-studio-code/resources/app/out/vs/code/node/sharedProcess/sharedProcessMain.js:109:9535)
2023-11-24 05:06:34.481 [warning] Extension signature verification failed with error 'UnknownError': ms-vscode.azure-repos
2023-11-24 05:06:34.506 [warning] Extension signature verification failed with error 'UnknownError': github.remotehub
2023-11-24 05:06:34.593 [info] Extracted extension to file:///home/eshanized/.vscode/extensions/ms-vscode.azure-repos-0.38.0: ms-vscode.azure-repos
2023-11-24 05:06:34.598 [info] Renamed to /home/eshanized/.vscode/extensions/ms-vscode.azure-repos-0.38.0
2023-11-24 05:06:34.603 [info] Extracting extension completed. ms-vscode.azure-repos
2023-11-24 05:06:34.622 [info] Extracted extension to file:///home/eshanized/.vscode/extensions/github.remotehub-0.62.0: github.remotehub
2023-11-24 05:06:34.626 [info] Renamed to /home/eshanized/.vscode/extensions/github.remotehub-0.62.0
2023-11-24 05:06:34.628 [info] Extracting extension completed. github.remotehub
2023-11-24 05:06:34.645 [info] Extension installed successfully: ms-vscode.remote-repositories
2023-11-24 05:06:34.645 [info] Extension installed successfully: ms-vscode.azure-repos
2023-11-24 05:06:34.645 [info] Extension installed successfully: github.remotehub
2023-11-24 05:06:34.662 [error] [uncaught exception in sharedProcess]: Error: ENOENT: no such file or directory, stat '/home/eshanized/.vscode/extensions/extensions.json.vsctmp': EntryNotFound (FileSystemError): Error: ENOENT: no such file or directory, stat '/home/eshanized/.vscode/extensions/extensions.json.vsctmp'
    at r.create (/opt/visual-studio-code/resources/app/out/vs/code/node/sharedProcess/sharedProcessMain.js:51:30053)
    at a (/opt/visual-studio-code/resources/app/out/vs/code/node/sharedProcess/sharedProcessMain.js:51:30167)
    at s.fb (/opt/visual-studio-code/resources/app/out/vs/code/node/sharedProcess/sharedProcessMain.js:56:36175)
    at s.stat (/opt/visual-studio-code/resources/app/out/vs/code/node/sharedProcess/sharedProcessMain.js:56:28621)
    at async E.stat (/opt/visual-studio-code/resources/app/out/vs/code/node/sharedProcess/sharedProcessMain.js:56:15732)
    at async K.tb (/opt/visual-studio-code/resources/app/out/vs/code/node/sharedProcess/sharedProcessMain.js:109:9535)
2023-11-24 05:39:46.799 [info] Getting Manifest... ms-python.python
2023-11-24 05:39:46.809 [info] Installing extension: ms-python.python
2023-11-24 05:39:46.823 [info] Getting Manifest... ms-python.python
2023-11-24 05:39:46.873 [info] Extensions is already requested to install ms-python.python
2023-11-24 05:39:48.049 [info] Getting Manifest... ms-python.vscode-pylance
2023-11-24 05:39:48.217 [info] Installing extension: ms-python.vscode-pylance ms-python.python
2023-11-24 05:39:51.448 [warning] Extension signature verification failed with error 'UnknownError': ms-python.python
2023-11-24 05:39:53.936 [info] Extracted extension to file:///home/eshanized/.vscode/extensions/ms-python.python-2023.20.0: ms-python.python
2023-11-24 05:39:53.943 [info] Renamed to /home/eshanized/.vscode/extensions/ms-python.python-2023.20.0
2023-11-24 05:39:53.947 [info] Extracting extension completed. ms-python.python
2023-11-24 05:39:54.041 [error] [uncaught exception in sharedProcess]: Error: ENOENT: no such file or directory, stat '/home/eshanized/.vscode/extensions/extensions.json.vsctmp': EntryNotFound (FileSystemError): Error: ENOENT: no such file or directory, stat '/home/eshanized/.vscode/extensions/extensions.json.vsctmp'
    at r.create (/opt/visual-studio-code/resources/app/out/vs/code/node/sharedProcess/sharedProcessMain.js:51:30053)
    at a (/opt/visual-studio-code/resources/app/out/vs/code/node/sharedProcess/sharedProcessMain.js:51:30167)
    at s.fb (/opt/visual-studio-code/resources/app/out/vs/code/node/sharedProcess/sharedProcessMain.js:56:36175)
    at s.stat (/opt/visual-studio-code/resources/app/out/vs/code/node/sharedProcess/sharedProcessMain.js:56:28621)
    at async E.stat (/opt/visual-studio-code/resources/app/out/vs/code/node/sharedProcess/sharedProcessMain.js:56:15732)
    at async K.tb (/opt/visual-studio-code/resources/app/out/vs/code/node/sharedProcess/sharedProcessMain.js:109:9535)
2023-11-24 05:39:55.447 [warning] Extension signature verification failed with error 'UnknownError': ms-python.vscode-pylance
2023-11-24 05:39:59.441 [info] Extracted extension to file:///home/eshanized/.vscode/extensions/ms-python.vscode-pylance-2023.11.10: ms-python.vscode-pylance
2023-11-24 05:39:59.458 [info] Renamed to /home/eshanized/.vscode/extensions/ms-python.vscode-pylance-2023.11.10
2023-11-24 05:39:59.461 [info] Extracting extension completed. ms-python.vscode-pylance
2023-11-24 05:39:59.489 [info] Extension installed successfully: ms-python.python
2023-11-24 05:39:59.489 [info] Extension installed successfully: ms-python.vscode-pylance
2023-11-24 05:39:59.551 [error] [uncaught exception in sharedProcess]: Error: ENOENT: no such file or directory, stat '/home/eshanized/.vscode/extensions/extensions.json.vsctmp': EntryNotFound (FileSystemError): Error: ENOENT: no such file or directory, stat '/home/eshanized/.vscode/extensions/extensions.json.vsctmp'
    at r.create (/opt/visual-studio-code/resources/app/out/vs/code/node/sharedProcess/sharedProcessMain.js:51:30053)
    at a (/opt/visual-studio-code/resources/app/out/vs/code/node/sharedProcess/sharedProcessMain.js:51:30167)
    at s.fb (/opt/visual-studio-code/resources/app/out/vs/code/node/sharedProcess/sharedProcessMain.js:56:36175)
    at s.stat (/opt/visual-studio-code/resources/app/out/vs/code/node/sharedProcess/sharedProcessMain.js:56:28621)
    at async E.stat (/opt/visual-studio-code/resources/app/out/vs/code/node/sharedProcess/sharedProcessMain.js:56:15732)
    at async K.tb (/opt/visual-studio-code/resources/app/out/vs/code/node/sharedProcess/sharedProcessMain.js:109:9535)
