2023-11-24 05:06:04.876 [info] Added views:workbench.panel.markers.view in workbench.panel.markers
2023-11-24 05:06:04.876 [info] Added views:workbench.panel.output in workbench.panel.output
2023-11-24 05:06:04.876 [info] Added views:terminal in terminal
2023-11-24 05:06:04.876 [info] Added views:outline in workbench.view.explorer
2023-11-24 05:06:04.876 [info] Added views:workbench.scm in workbench.view.scm
2023-11-24 05:06:04.876 [info] Added views:workbench.view.search in workbench.view.search
2023-11-24 05:06:04.876 [info] Added views:timeline in workbench.view.explorer
2023-11-24 05:06:04.876 [info] Added views:workbench.explorer.emptyView in workbench.view.explorer
2023-11-24 05:06:05.468 [info] Added views:workbench.debug.variablesView,workbench.debug.watchExpressionsView,workbench.debug.callStackView,workbench.debug.breakPointsView in workbench.view.debug
2023-11-24 05:06:05.803 [info] Added views:workbench.panel.repl.view in workbench.panel.repl
2023-11-24 05:06:05.805 [info] Removed views:workbench.debug.breakPointsView,workbench.debug.callStackView,workbench.debug.watchExpressionsView,workbench.debug.variablesView from workbench.view.debug
2023-11-24 05:06:05.806 [info] Added views:workbench.debug.welcome in workbench.view.debug
2023-11-24 05:06:05.867 [info] Added views:~remote.forwardedPorts in ~remote.forwardedPortsContainer
2023-11-24 05:06:34.726 [info] Added views:remoteHub.views.workspaceRepositories in workbench.view.remote
2023-11-24 05:06:34.809 [info] Added views:workbench.views.extensions.installed,workbench.views.extensions.popular,extensions.recommendedList in workbench.view.extensions
2023-11-24 05:06:34.811 [info] Removed views:workbench.views.extensions.popular from workbench.view.extensions
2023-11-24 05:38:00.610 [info] Added views:workbench.panel.markers.view in workbench.panel.markers
2023-11-24 05:38:00.610 [info] Added views:workbench.panel.output in workbench.panel.output
2023-11-24 05:38:00.610 [info] Added views:terminal in terminal
2023-11-24 05:38:00.610 [info] Added views:outline in workbench.view.explorer
2023-11-24 05:38:00.610 [info] Added views:workbench.scm in workbench.view.scm
2023-11-24 05:38:00.610 [info] Added views:workbench.view.search in workbench.view.search
2023-11-24 05:38:00.610 [info] Added views:timeline in workbench.view.explorer
2023-11-24 05:38:00.610 [info] Added views:workbench.explorer.fileView in workbench.view.explorer
2023-11-24 05:38:01.002 [info] Added views:remoteHub.views.workspaceRepositories in workbench.view.remote
2023-11-24 05:38:01.151 [info] Added views:workbench.debug.variablesView,workbench.debug.watchExpressionsView,workbench.debug.callStackView,workbench.debug.breakPointsView in workbench.view.debug
2023-11-24 05:38:01.310 [info] Added views:workbench.panel.repl.view in workbench.panel.repl
2023-11-24 05:38:01.311 [info] Removed views:workbench.debug.breakPointsView,workbench.debug.callStackView,workbench.debug.watchExpressionsView,workbench.debug.variablesView from workbench.view.debug
2023-11-24 05:38:01.312 [info] Added views:workbench.debug.welcome in workbench.view.debug
2023-11-24 05:38:01.422 [info] Added views:~remote.forwardedPorts in ~remote.forwardedPortsContainer
2023-11-24 05:39:40.173 [info] Added views:workbench.views.extensions.installed,workbench.views.extensions.popular,extensions.recommendedList in workbench.view.extensions
2023-11-24 05:39:40.181 [info] Removed views:workbench.views.extensions.popular from workbench.view.extensions
2023-11-24 05:39:40.825 [info] Removed views:extensions.recommendedList,workbench.views.extensions.installed from workbench.view.extensions
2023-11-24 05:39:40.837 [info] Added views:workbench.views.extensions.marketplace in workbench.view.extensions
2023-11-24 05:40:00.181 [info] Added views:workbench.view.testing in workbench.view.extension.test
