2023-11-24 05:06:40.455 [info] Reading sessions from keychain...
2023-11-24 05:06:40.455 [info] Getting sessions for all scopes...
2023-11-24 05:06:40.456 [info] Got 0 sessions for ...
2023-11-24 05:06:40.459 [info] Getting sessions for read:user,repo,user:email,workflow...
2023-11-24 05:06:40.459 [info] Got 0 sessions for read:user,repo,user:email,workflow...
2023-11-24 05:06:40.465 [info] Getting sessions for all scopes...
2023-11-24 05:06:40.466 [info] Got 0 sessions for ...
2023-11-24 05:06:42.440 [info] Logging in for the following scopes: read:user repo user:email workflow
2023-11-24 05:06:42.450 [info] Trying without local server... (read:user repo user:email workflow)
2023-11-24 05:06:47.595 [info] Exchanging code for token...
2023-11-24 05:06:48.689 [info] Token exchange success!
2023-11-24 05:06:48.692 [info] Getting user info...
2023-11-24 05:06:49.807 [info] Got account info!
2023-11-24 05:06:49.808 [info] Storing 1 sessions...
2023-11-24 05:06:52.507 [info] Reading sessions from keychain...
2023-11-24 05:06:52.507 [info] Stored 1 sessions!
2023-11-24 05:06:52.507 [info] Login success!
2023-11-24 05:06:52.578 [info] Got stored sessions!
2023-11-24 05:06:52.578 [info] Got 1 verified sessions.
2023-11-24 05:07:06.594 [info] Getting sessions for read:user,repo,user:email,workflow...
2023-11-24 05:07:06.594 [info] Got 1 sessions for read:user,repo,user:email,workflow...
2023-11-24 05:38:02.442 [info] Reading sessions from keychain...
2023-11-24 05:38:02.442 [info] Getting sessions for all scopes...
2023-11-24 05:38:02.442 [info] Getting sessions for all scopes...
2023-11-24 05:38:02.442 [info] Got stored sessions!
2023-11-24 05:38:02.442 [info] Got 1 verified sessions.
2023-11-24 05:38:02.442 [info] Got 1 sessions for ...
2023-11-24 05:38:02.442 [info] Got 1 sessions for ...
2023-11-24 05:38:02.442 [info] Getting sessions for read:user,repo,user:email,workflow...
2023-11-24 05:38:02.442 [info] Got 1 sessions for read:user,repo,user:email,workflow...
2023-11-24 05:38:05.576 [info] Getting sessions for read:user,repo,user:email,workflow...
2023-11-24 05:38:05.576 [info] Got 1 sessions for read:user,repo,user:email,workflow...
2023-11-24 05:39:35.689 [info] Getting sessions for read:user,repo,user:email,workflow...
2023-11-24 05:39:35.690 [info] Got 1 sessions for read:user,repo,user:email,workflow...
2023-11-24 05:40:38.280 [info] Getting sessions for read:user,repo,user:email,workflow...
2023-11-24 05:40:38.280 [info] Got 1 sessions for read:user,repo,user:email,workflow...
